#
# There is insufficient memory for the Java Runtime Environment to continue.
# Native memory allocation (malloc) failed to allocate 1048576 bytes for AllocateHeap
# Possible reasons:
#   The system is out of physical RAM or swap space
#   In 32 bit mode, the process size limit was hit
# Possible solutions:
#   Reduce memory load on the system
#   Increase physical memory or swap space
#   Check if swap backing store is full
#   Use 64 bit Java on a 64 bit OS
#   Decrease Java heap size (-Xmx/-Xms)
#   Decrease number of Java threads
#   Decrease Java thread stack sizes (-Xss)
#   Set larger code cache with -XX:ReservedCodeCacheSize=
# This output file may be truncated or incomplete.
#
#  Out of Memory Error (memory/allocation.inline.hpp:61), pid=15916, tid=0x0000000000003d7c
#
# JRE version:  (8.0_144-b01) (build )
# Java VM: Java HotSpot(TM) 64-Bit Server VM (25.144-b01 mixed mode windows-amd64 compressed oops)
# Failed to write core dump. Minidumps are not enabled by default on client versions of Windows
#

---------------  T H R E A D  ---------------

Current thread (0x0000000005140800):  JavaThread "Unknown thread" [_thread_in_vm, id=15740, stack(0x0000000005040000,0x0000000005140000)]

Stack: [0x0000000005040000,0x0000000005140000]
[error occurred during error reporting (printing stack bounds), id 0xc0000005]

Native frames: (J=compiled Java code, j=interpreted, Vv=VM code, C=native code)


---------------  P R O C E S S  ---------------

Java Threads: ( => current thread )

Other Threads:

=>0x0000000005140800 (exited) JavaThread "Unknown thread" [_thread_in_vm, id=15740, stack(0x0000000005040000,0x0000000005140000)]

VM state:not at safepoint (normal execution)

VM Mutex/Monitor currently owned by a thread: None

Heap:
 PSYoungGen      total 38400K, used 665K [0x00000000d5a00000, 0x00000000d8480000, 0x0000000100000000)
  eden space 33280K, 2% used [0x00000000d5a00000,0x00000000d5aa6670,0x00000000d7a80000)
  from space 5120K, 0% used [0x00000000d7f80000,0x00000000d7f80000,0x00000000d8480000)
  to   space 5120K, 0% used [0x00000000d7a80000,0x00000000d7a80000,0x00000000d7f80000)
 ParOldGen       total 87552K, used 0K [0x0000000080e00000, 0x0000000086380000, 0x00000000d5a00000)
  object space 87552K, 0% used [0x0000000080e00000,0x0000000080e00000,0x0000000086380000)
 Metaspace       used 746K, capacity 4480K, committed 4480K, reserved 1056768K
  class space    used 75K, capacity 384K, committed 384K, reserved 1048576K

Card table byte_map: [0x0000000014600000,0x0000000014a00000] byte_map_base: 0x00000000141f9000

Marking Bits: (ParMarkBitMap*) 0x0000000054f3d850
 Begin Bits: [0x00000000150b0000, 0x0000000017078000)
 End Bits:   [0x0000000017078000, 0x0000000019040000)

Polling page: 0x0000000003260000

CodeCache: size=245760Kb used=328Kb max_used=328Kb free=245431Kb
 bounds [0x0000000005240000, 0x00000000054b0000, 0x0000000014240000]
 total_blobs=58 nmethods=0 adapters=38
 compilation: enabled

Compilation events (0 events):
No events

GC Heap History (0 events):
No events

Deoptimization events (0 events):
No events

Internal exceptions (0 events):
No events

Events (10 events):
Event: 0.046 loading class java/lang/Short
Event: 0.046 loading class java/lang/Short done
Event: 0.046 loading class java/lang/Integer
Event: 0.046 loading class java/lang/Integer done
Event: 0.046 loading class java/lang/Long
Event: 0.047 loading class java/lang/Long done
Event: 0.048 loading class java/lang/NullPointerException
Event: 0.048 loading class java/lang/NullPointerException done
Event: 0.048 loading class java/lang/ArithmeticException
Event: 0.048 loading class java/lang/ArithmeticException done


Dynamic libraries:
0x00007ff6f8da0000 - 0x00007ff6f8dd7000 	C:\Program Files\Java\jre1.8.0_144\bin\javaw.exe
0x00007ffd59f00000 - 0x00007ffd5a0e0000 	C:\WINDOWS\SYSTEM32\ntdll.dll
0x00007ffd58150000 - 0x00007ffd581fe000 	C:\WINDOWS\System32\KERNEL32.DLL
0x00007ffd56540000 - 0x00007ffd567a6000 	C:\WINDOWS\System32\KERNELBASE.dll
0x00007ffd59800000 - 0x00007ffd598a1000 	C:\WINDOWS\System32\ADVAPI32.dll
0x00007ffd58200000 - 0x00007ffd5829d000 	C:\WINDOWS\System32\msvcrt.dll
0x00007ffd59e70000 - 0x00007ffd59ecb000 	C:\WINDOWS\System32\sechost.dll
0x00007ffd582a0000 - 0x00007ffd583bf000 	C:\WINDOWS\System32\RPCRT4.dll
0x00007ffd57fc0000 - 0x00007ffd5814f000 	C:\WINDOWS\System32\USER32.dll
0x00007ffd569c0000 - 0x00007ffd569e0000 	C:\WINDOWS\System32\win32u.dll
0x00007ffd578c0000 - 0x00007ffd578e8000 	C:\WINDOWS\System32\GDI32.dll
0x00007ffd56300000 - 0x00007ffd56493000 	C:\WINDOWS\System32\gdi32full.dll
0x00007ffd564a0000 - 0x00007ffd5653b000 	C:\WINDOWS\System32\msvcp_win.dll
0x00007ffd568c0000 - 0x00007ffd569b6000 	C:\WINDOWS\System32\ucrtbase.dll
0x00007ffd4be40000 - 0x00007ffd4c0a9000 	C:\WINDOWS\WinSxS\amd64_microsoft.windows.common-controls_6595b64144ccf1df_6.0.16299.309_none_15cfd4c4935e6b11\COMCTL32.dll
0x00007ffd574b0000 - 0x00007ffd577b8000 	C:\WINDOWS\System32\combase.dll
0x00007ffd57180000 - 0x00007ffd571f2000 	C:\WINDOWS\System32\bcryptPrimitives.dll
0x00007ffd57890000 - 0x00007ffd578bd000 	C:\WINDOWS\System32\IMM32.DLL
0x0000000054fc0000 - 0x0000000055092000 	C:\Program Files\Java\jre1.8.0_144\bin\msvcr100.dll
0x0000000054720000 - 0x0000000054fbd000 	C:\Program Files\Java\jre1.8.0_144\bin\server\jvm.dll
0x00007ffd57e60000 - 0x00007ffd57e68000 	C:\WINDOWS\System32\PSAPI.DLL
0x00007ffd36320000 - 0x00007ffd36329000 	C:\WINDOWS\SYSTEM32\WSOCK32.dll
0x00007ffd57ce0000 - 0x00007ffd57d4c000 	C:\WINDOWS\System32\WS2_32.dll
0x00007ffd53200000 - 0x00007ffd53223000 	C:\WINDOWS\SYSTEM32\WINMM.dll
0x00007ffd4e960000 - 0x00007ffd4e96a000 	C:\WINDOWS\SYSTEM32\VERSION.dll
0x00007ffd531a0000 - 0x00007ffd531ca000 	C:\WINDOWS\SYSTEM32\WINMMBASE.dll
0x00007ffd57130000 - 0x00007ffd5717a000 	C:\WINDOWS\System32\cfgmgr32.dll
0x0000000055a30000 - 0x0000000055a3f000 	C:\Program Files\Java\jre1.8.0_144\bin\verify.dll
0x00000000546f0000 - 0x0000000054719000 	C:\Program Files\Java\jre1.8.0_144\bin\java.dll
0x0000000055a10000 - 0x0000000055a26000 	C:\Program Files\Java\jre1.8.0_144\bin\zip.dll

VM Arguments:
jvm_args: -Dfile.encoding=Cp1252 -Xbootclasspath:C:\Program Files\Java\jre1.8.0_144\lib\resources.jar;C:\Program Files\Java\jre1.8.0_144\lib\rt.jar;C:\Program Files\Java\jre1.8.0_144\lib\jsse.jar;C:\Program Files\Java\jre1.8.0_144\lib\jce.jar;C:\Program Files\Java\jre1.8.0_144\lib\charsets.jar;C:\Program Files\Java\jre1.8.0_144\lib\jfr.jar 
java_command: Main
java_class_path (initial): C:\Users\Pop\workspace\SD_assign1\bin;C:\Users\Pop\workspace\jdatepicker-1.3.45\build\classes;C:\Users\Pop\workspace\jdatepicker-1.3.45\ImportedClasses
Launcher Type: SUN_STANDARD

Environment Variables:
PATH=C:/Program Files/Java/jre1.8.0_152/bin/server;C:/Program Files/Java/jre1.8.0_152/bin;C:/Program Files/Java/jre1.8.0_152/lib/amd64;C:\ProgramData\Oracle\Java\javapath;C:\Program Files\Java\jdk1.8.0_144\bin;C:\WINDOWS\system32;C:\WINDOWS;C:\WINDOWS\System32\Wbem;C:\WINDOWS\System32\WindowsPowerShell\v1.0\;E:\Program Files (x86)\Git\cmd;C:\Program Files\dotnet\;C:\Users\Pop\AppData\Local\Microsoft\WindowsApps;;;C:\Users\Pop\Downloads\eclipse-jee-neon-3-win32-x86_64\eclipse;
USERNAME=Pop
OS=Windows_NT
PROCESSOR_IDENTIFIER=Intel64 Family 6 Model 69 Stepping 1, GenuineIntel



---------------  S Y S T E M  ---------------

OS: Windows 10.0 , 64 bit Build 16299 (10.0.16299.15)

CPU:total 4 (initial active 4) (2 cores per cpu, 2 threads per core) family 6 model 69 stepping 1, cmov, cx8, fxsr, mmx, sse, sse2, sse3, ssse3, sse4.1, sse4.2, popcnt, avx, avx2, aes, clmul, erms, lzcnt, ht, tsc, tscinvbit, bmi1, bmi2

Memory: 4k page, physical 8323372k(3457024k free), swap 20943380k(3940k free)

vm_info: Java HotSpot(TM) 64-Bit Server VM (25.144-b01) for windows-amd64 JRE (1.8.0_144-b01), built on Jul 21 2017 21:57:33 by "java_re" with MS VC++ 10.0 (VS2010)

time: Mon Mar 19 21:10:19 2018
elapsed time: 0 seconds (0d 0h 0m 0s)

