#
# There is insufficient memory for the Java Runtime Environment to continue.
# Native memory allocation (malloc) failed to allocate 32744 bytes for ChunkPool::allocate
# Possible reasons:
#   The system is out of physical RAM or swap space
#   In 32 bit mode, the process size limit was hit
# Possible solutions:
#   Reduce memory load on the system
#   Increase physical memory or swap space
#   Check if swap backing store is full
#   Use 64 bit Java on a 64 bit OS
#   Decrease Java heap size (-Xmx/-Xms)
#   Decrease number of Java threads
#   Decrease Java thread stack sizes (-Xss)
#   Set larger code cache with -XX:ReservedCodeCacheSize=
# This output file may be truncated or incomplete.
#
#  Out of Memory Error (allocation.cpp:273), pid=7940, tid=0x0000000000002730
#
# JRE version: Java(TM) SE Runtime Environment (8.0_144-b01) (build 1.8.0_144-b01)
# Java VM: Java HotSpot(TM) 64-Bit Server VM (25.144-b01 mixed mode windows-amd64 compressed oops)
# Failed to write core dump. Minidumps are not enabled by default on client versions of Windows
#

---------------  T H R E A D  ---------------

Current thread (0x000000001915d000):  JavaThread "C2 CompilerThread0" daemon [_thread_in_native, id=10032, stack(0x000000001a8b0000,0x000000001a9b0000)]

Stack: [0x000000001a8b0000,0x000000001a9b0000]
[error occurred during error reporting (printing stack bounds), id 0xc0000005]

Native frames: (J=compiled Java code, j=interpreted, Vv=VM code, C=native code)


Current CompileTask:
C2:    240  109       4       java.lang.String::hashCode (55 bytes)


---------------  P R O C E S S  ---------------

Java Threads: ( => current thread )
  0x000000001abde000 JavaThread "Service Thread" daemon [_thread_blocked, id=15472, stack(0x000000001afb0000,0x000000001b0b0000)]
  0x0000000019171800 JavaThread "C1 CompilerThread2" daemon [_thread_in_native, id=14920, stack(0x000000001aab0000,0x000000001abb0000)]
  0x0000000019162800 JavaThread "C2 CompilerThread1" daemon [_thread_in_native, id=16328, stack(0x000000001a9b0000,0x000000001aab0000)]
=>0x000000001915d000 JavaThread "C2 CompilerThread0" daemon [_thread_in_native, id=10032, stack(0x000000001a8b0000,0x000000001a9b0000)]
  0x000000001915b000 JavaThread "Attach Listener" daemon [_thread_blocked, id=8176, stack(0x000000001a7b0000,0x000000001a8b0000)]
  0x000000001915a000 JavaThread "Signal Dispatcher" daemon [_thread_blocked, id=16320, stack(0x000000001a6b0000,0x000000001a7b0000)]
  0x0000000019149000 JavaThread "Finalizer" daemon [_thread_blocked, id=15520, stack(0x000000001a3c0000,0x000000001a4c0000)]
  0x00000000045b1000 JavaThread "Reference Handler" daemon [_thread_blocked, id=15412, stack(0x000000001a2c0000,0x000000001a3c0000)]
  0x00000000044c0800 JavaThread "main" [_thread_in_vm, id=15420, stack(0x0000000004330000,0x0000000004430000)]

Other Threads:
  0x0000000019127800 VMThread [stack: 0x000000001a1c0000,0x000000001a2c0000] [id=5532]
  0x000000001abe1000 WatcherThread [stack: 0x000000001b0b0000,0x000000001b1b0000] [id=15632]

VM state:not at safepoint (normal execution)

VM Mutex/Monitor currently owned by a thread: None

Heap:
 PSYoungGen      total 38400K, used 2663K [0x00000000d5a00000, 0x00000000d8480000, 0x0000000100000000)
  eden space 33280K, 8% used [0x00000000d5a00000,0x00000000d5c99fb8,0x00000000d7a80000)
  from space 5120K, 0% used [0x00000000d7f80000,0x00000000d7f80000,0x00000000d8480000)
  to   space 5120K, 0% used [0x00000000d7a80000,0x00000000d7a80000,0x00000000d7f80000)
 ParOldGen       total 87552K, used 0K [0x0000000080e00000, 0x0000000086380000, 0x00000000d5a00000)
  object space 87552K, 0% used [0x0000000080e00000,0x0000000080e00000,0x0000000086380000)
 Metaspace       used 4121K, capacity 4686K, committed 4992K, reserved 1056768K
  class space    used 487K, capacity 536K, committed 640K, reserved 1048576K

Card table byte_map: [0x0000000013980000,0x0000000013d80000] byte_map_base: 0x0000000013579000

Marking Bits: (ParMarkBitMap*) 0x0000000054f3d850
 Begin Bits: [0x0000000014430000, 0x00000000163f8000)
 End Bits:   [0x00000000163f8000, 0x00000000183c0000)

Polling page: 0x0000000002a90000

CodeCache: size=245760Kb used=1324Kb max_used=1336Kb free=244435Kb
 bounds [0x00000000045c0000, 0x0000000004830000, 0x00000000135c0000]
 total_blobs=426 nmethods=162 adapters=177
 compilation: enabled

Compilation events (10 events):
Event: 0.165 Thread 0x0000000019171800  100       3       jdk.internal.org.objectweb.asm.Item::<init> (66 bytes)
Event: 0.165 Thread 0x0000000019171800 nmethod 100 0x00000000046f5310 code [0x00000000046f5480, 0x00000000046f56b0]
Event: 0.165 Thread 0x0000000019171800  101       3       jdk.internal.org.objectweb.asm.ClassWriter::put (152 bytes)
Event: 0.165 Thread 0x0000000019171800 nmethod 101 0x00000000046f5790 code [0x00000000046f5960, 0x00000000046f6090]
Event: 0.165 Thread 0x0000000019171800   98       3       java.lang.invoke.MethodTypeForm::canonicalize (233 bytes)
Event: 0.166 Thread 0x0000000019171800 nmethod 98 0x00000000046f6450 code [0x00000000046f66a0, 0x00000000046f7258]
Event: 0.166 Thread 0x0000000019171800  104       3       java.lang.invoke.MethodType::checkSlotCount (33 bytes)
Event: 0.166 Thread 0x000000001915d000  109       4       java.lang.String::hashCode (55 bytes)
Event: 0.167 Thread 0x0000000019171800 nmethod 104 0x00000000046f7c90 code [0x00000000046f7e80, 0x00000000046f86d8]
Event: 0.167 Thread 0x0000000019171800  106   !   3       java.lang.invoke.MemberName::getMethodType (208 bytes)

GC Heap History (0 events):
No events

Deoptimization events (0 events):
No events

Internal exceptions (3 events):
Event: 0.039 Thread 0x00000000044c0800 Exception <a 'java/lang/NoSuchMethodError': Method sun.misc.Unsafe.defineClass(Ljava/lang/String;[BII)Ljava/lang/Class; name or signature does not match> (0x00000000d5a07ca8) thrown at [C:\re\workspace\8-2-build-windows-amd64-cygwin\jdk8u144\9417\hotspot\
Event: 0.039 Thread 0x00000000044c0800 Exception <a 'java/lang/NoSuchMethodError': Method sun.misc.Unsafe.prefetchRead(Ljava/lang/Object;J)V name or signature does not match> (0x00000000d5a07f90) thrown at [C:\re\workspace\8-2-build-windows-amd64-cygwin\jdk8u144\9417\hotspot\src\share\vm\prims
Event: 0.141 Thread 0x00000000044c0800 Exception <a 'java/io/FileNotFoundException'> (0x00000000d5a9fbd8) thrown at [C:\re\workspace\8-2-build-windows-amd64-cygwin\jdk8u144\9417\hotspot\src\share\vm\prims\jni.cpp, line 709]

Events (10 events):
Event: 0.164 loading class java/lang/invoke/MethodHandleImpl$AsVarargsCollector
Event: 0.164 loading class java/lang/invoke/DelegatingMethodHandle
Event: 0.164 loading class java/lang/invoke/DelegatingMethodHandle done
Event: 0.164 loading class java/lang/invoke/MethodHandleImpl$AsVarargsCollector done
Event: 0.164 loading class java/lang/invoke/WrongMethodTypeException
Event: 0.164 loading class java/lang/invoke/WrongMethodTypeException done
Event: 0.166 loading class java/lang/invoke/MethodHandleImpl$Lazy
Event: 0.166 loading class java/lang/invoke/MethodHandleImpl$Lazy done
Event: 0.166 loading class java/lang/invoke/MethodHandleImpl$IntrinsicMethodHandle
Event: 0.166 loading class java/lang/invoke/MethodHandleImpl$IntrinsicMethodHandle done


Dynamic libraries:
0x00007ff6f8da0000 - 0x00007ff6f8dd7000 	C:\Program Files\Java\jre1.8.0_144\bin\javaw.exe
0x00007ffd59f00000 - 0x00007ffd5a0e0000 	C:\WINDOWS\SYSTEM32\ntdll.dll
0x00007ffd58150000 - 0x00007ffd581fe000 	C:\WINDOWS\System32\KERNEL32.DLL
0x00007ffd56540000 - 0x00007ffd567a6000 	C:\WINDOWS\System32\KERNELBASE.dll
0x00007ffd59800000 - 0x00007ffd598a1000 	C:\WINDOWS\System32\ADVAPI32.dll
0x00007ffd58200000 - 0x00007ffd5829d000 	C:\WINDOWS\System32\msvcrt.dll
0x00007ffd59e70000 - 0x00007ffd59ecb000 	C:\WINDOWS\System32\sechost.dll
0x00007ffd582a0000 - 0x00007ffd583bf000 	C:\WINDOWS\System32\RPCRT4.dll
0x00007ffd57fc0000 - 0x00007ffd5814f000 	C:\WINDOWS\System32\USER32.dll
0x00007ffd569c0000 - 0x00007ffd569e0000 	C:\WINDOWS\System32\win32u.dll
0x00007ffd578c0000 - 0x00007ffd578e8000 	C:\WINDOWS\System32\GDI32.dll
0x00007ffd56300000 - 0x00007ffd56493000 	C:\WINDOWS\System32\gdi32full.dll
0x00007ffd564a0000 - 0x00007ffd5653b000 	C:\WINDOWS\System32\msvcp_win.dll
0x00007ffd568c0000 - 0x00007ffd569b6000 	C:\WINDOWS\System32\ucrtbase.dll
0x00007ffd4be40000 - 0x00007ffd4c0a9000 	C:\WINDOWS\WinSxS\amd64_microsoft.windows.common-controls_6595b64144ccf1df_6.0.16299.309_none_15cfd4c4935e6b11\COMCTL32.dll
0x00007ffd574b0000 - 0x00007ffd577b8000 	C:\WINDOWS\System32\combase.dll
0x00007ffd57180000 - 0x00007ffd571f2000 	C:\WINDOWS\System32\bcryptPrimitives.dll
0x00007ffd57890000 - 0x00007ffd578bd000 	C:\WINDOWS\System32\IMM32.DLL
0x0000000054fc0000 - 0x0000000055092000 	C:\Program Files\Java\jre1.8.0_144\bin\msvcr100.dll
0x0000000054720000 - 0x0000000054fbd000 	C:\Program Files\Java\jre1.8.0_144\bin\server\jvm.dll
0x00007ffd57e60000 - 0x00007ffd57e68000 	C:\WINDOWS\System32\PSAPI.DLL
0x00007ffd53200000 - 0x00007ffd53223000 	C:\WINDOWS\SYSTEM32\WINMM.dll
0x00007ffd4e960000 - 0x00007ffd4e96a000 	C:\WINDOWS\SYSTEM32\VERSION.dll
0x00007ffd36320000 - 0x00007ffd36329000 	C:\WINDOWS\SYSTEM32\WSOCK32.dll
0x00007ffd57ce0000 - 0x00007ffd57d4c000 	C:\WINDOWS\System32\WS2_32.dll
0x00007ffd531a0000 - 0x00007ffd531ca000 	C:\WINDOWS\SYSTEM32\winmmbase.dll
0x00007ffd57130000 - 0x00007ffd5717a000 	C:\WINDOWS\System32\cfgmgr32.dll
0x0000000055a30000 - 0x0000000055a3f000 	C:\Program Files\Java\jre1.8.0_144\bin\verify.dll
0x00000000546f0000 - 0x0000000054719000 	C:\Program Files\Java\jre1.8.0_144\bin\java.dll
0x0000000055a10000 - 0x0000000055a26000 	C:\Program Files\Java\jre1.8.0_144\bin\zip.dll
0x00007ffd583c0000 - 0x00007ffd597f6000 	C:\WINDOWS\System32\SHELL32.dll
0x00007ffd573e0000 - 0x00007ffd57486000 	C:\WINDOWS\System32\shcore.dll
0x00007ffd569e0000 - 0x00007ffd57127000 	C:\WINDOWS\System32\windows.storage.dll
0x00007ffd57b10000 - 0x00007ffd57b61000 	C:\WINDOWS\System32\shlwapi.dll
0x00007ffd562c0000 - 0x00007ffd562d1000 	C:\WINDOWS\System32\kernel.appcore.dll
0x00007ffd56270000 - 0x00007ffd562bc000 	C:\WINDOWS\System32\powrprof.dll
0x00007ffd56250000 - 0x00007ffd5626b000 	C:\WINDOWS\System32\profapi.dll
0x0000000054550000 - 0x00000000546e8000 	C:\Program Files\Java\jre1.8.0_144\bin\awt.dll
0x00007ffd577c0000 - 0x00007ffd57885000 	C:\WINDOWS\System32\OLEAUT32.dll
0x00007ffd546e0000 - 0x00007ffd54768000 	C:\WINDOWS\SYSTEM32\apphelp.dll

VM Arguments:
jvm_args: -Dfile.encoding=Cp1252 -Xbootclasspath:C:\Program Files\Java\jre1.8.0_144\lib\resources.jar;C:\Program Files\Java\jre1.8.0_144\lib\rt.jar;C:\Program Files\Java\jre1.8.0_144\lib\jsse.jar;C:\Program Files\Java\jre1.8.0_144\lib\jce.jar;C:\Program Files\Java\jre1.8.0_144\lib\charsets.jar;C:\Program Files\Java\jre1.8.0_144\lib\jfr.jar 
java_command: Main
java_class_path (initial): C:\Users\Pop\workspace\SD_assign1\bin;C:\Users\Pop\workspace\jdatepicker-1.3.45\build\classes;C:\Users\Pop\workspace\jdatepicker-1.3.45\ImportedClasses
Launcher Type: SUN_STANDARD

Environment Variables:
PATH=C:/Program Files/Java/jre1.8.0_152/bin/server;C:/Program Files/Java/jre1.8.0_152/bin;C:/Program Files/Java/jre1.8.0_152/lib/amd64;C:\ProgramData\Oracle\Java\javapath;C:\Program Files\Java\jdk1.8.0_144\bin;C:\WINDOWS\system32;C:\WINDOWS;C:\WINDOWS\System32\Wbem;C:\WINDOWS\System32\WindowsPowerShell\v1.0\;E:\Program Files (x86)\Git\cmd;C:\Program Files\dotnet\;C:\Users\Pop\AppData\Local\Microsoft\WindowsApps;;;C:\Users\Pop\Downloads\eclipse-jee-neon-3-win32-x86_64\eclipse;
USERNAME=Pop
OS=Windows_NT
PROCESSOR_IDENTIFIER=Intel64 Family 6 Model 69 Stepping 1, GenuineIntel



---------------  S Y S T E M  ---------------

OS: Windows 10.0 , 64 bit Build 16299 (10.0.16299.15)

CPU:total 4 (initial active 4) (2 cores per cpu, 2 threads per core) family 6 model 69 stepping 1, cmov, cx8, fxsr, mmx, sse, sse2, sse3, ssse3, sse4.1, sse4.2, popcnt, avx, avx2, aes, clmul, erms, lzcnt, ht, tsc, tscinvbit, bmi1, bmi2

Memory: 4k page, physical 8323372k(3469512k free), swap 20943380k(2124k free)

vm_info: Java HotSpot(TM) 64-Bit Server VM (25.144-b01) for windows-amd64 JRE (1.8.0_144-b01), built on Jul 21 2017 21:57:33 by "java_re" with MS VC++ 10.0 (VS2010)

time: Mon Mar 19 21:10:37 2018
elapsed time: 0 seconds (0d 0h 0m 0s)

